2025-04-10 09:45:03.251 [main] INFO  org.eclipse.jetty.util.log - Logging initialized @1657ms to org.eclipse.jetty.util.log.Slf4jLog
2025-04-10 09:45:03.330 [main] INFO  i.d.server.DefaultServerFactory - Registering jersey handler with root path prefix: /
2025-04-10 09:45:03.331 [main] INFO  i.d.server.DefaultServerFactory - Registering admin handler with root path prefix: /
2025-04-10 09:45:03.593 [main] INFO  io.dropwizard.assets.AssetsBundle - Registering AssetBundle with name: assets for path /maps/*
2025-04-10 09:45:03.595 [main] INFO  io.dropwizard.assets.AssetsBundle - Registering AssetBundle with name: webjars for path /webjars/*
2025-04-10 09:45:03.601 [main] INFO  io.dropwizard.server.ServerFactory - Starting GraphHopperApplication
                        _     _
   __ _ _ __ __ _ _ __ | |__ | |__   ___  _ __  _ __   ___ _ __
  / _` | '__/ _` | '_ \| '_ \| '_ \ / _ \| '_ \| '_ \ / _ \ '__|
 | (_| | | | (_| | |_) | | | | | | | (_) | |_) | |_) |  __/ |
  \__, |_|  \__,_| .__/|_| |_|_| |_|\___/| .__/| .__/ \___|_|
  |___/          |_|                     |_|   |_|
2025-04-10 09:45:03.694 [main] INFO  o.e.jetty.setuid.SetUIDListener - Opened application@7cd4a4d7{HTTP/1.1, (http/1.1)}{localhost:8989}
2025-04-10 09:45:03.694 [main] INFO  o.e.jetty.setuid.SetUIDListener - Opened admin@317e9c3c{HTTP/1.1, (http/1.1)}{localhost:8990}
2025-04-10 09:45:03.695 [main] INFO  org.eclipse.jetty.server.Server - jetty-9.4.53.v20231009; built: 2023-10-09T12:29:09.265Z; git: 27bde00a0b95a1d5bbee0eae7984f891d2d0f8c9; jvm 23.0.2
2025-04-10 09:45:04.285 [main] INFO  c.g.routing.ch.CHPreparationHandler - There are no CHs to prepare
2025-04-10 09:45:04.290 [main] INFO  com.graphhopper.GraphHopper - version 9.1|2025-04-09T14:32:13Z (9,22,6,5,2,9)
2025-04-10 09:45:04.318 [main] INFO  com.graphhopper.GraphHopper - graph car|RAM_STORE|2D|no_turn_cost|nodes:9,edges:22,geometry:6,location_index:5,string_index:2,nodesCH:0,shortcuts:9, details:edges: 306,940(12MB), nodes: 276,802(4MB), bounds: 13.069778,13.7624957,52.327972,52.6803845, name:(2MB), geo:355,704(2MB)
2025-04-10 09:45:04.336 [main] INFO  c.g.http.GraphHopperManaged - loaded graph at:../graphhopper/graph-cache, data_reader_file:../graphhopper/berlin-latest.osm.pbf, encoded values:["{\"className\":\"com.graphhopper.routing.ev.SimpleBooleanEncodedValue\",\"name\":\"car_access\",\"bits\":1,\"min_storable_value\":0,\"max_storable_value\":1,\"max_value\":1,\"negate_reverse_direction\":false,\"store_two_directions\":true,\"fwd_data_index\":0,\"bwd_data_index\":0,\"fwd_shift\":0,\"bwd_shift\":1,\"fwd_mask\":1,\"bwd_mask\":2}","{\"className\":\"com.graphhopper.routing.ev.DecimalEncodedValueImpl\",\"name\":\"car_average_speed\",\"bits\":7,\"min_storable_value\":0,\"max_storable_value\":127,\"max_value\":68,\"negate_reverse_direction\":false,\"store_two_directions\":true,\"fwd_data_index\":0,\"bwd_data_index\":0,\"fwd_shift\":2,\"bwd_shift\":9,\"fwd_mask\":508,\"bwd_mask\":65024,\"factor\":2.0,\"use_maximum_as_infinity\":false}","{\"className\":\"com.graphhopper.routing.ev.EnumEncodedValue\",\"name\":\"road_class\",\"bits\":5,\"min_storable_value\":0,\"max_storable_value\":31,\"max_value\":19,\"negate_reverse_direction\":false,\"store_two_directions\":false,\"fwd_data_index\":0,\"bwd_data_index\":0,\"fwd_shift\":16,\"bwd_shift\":-1,\"fwd_mask\":2031616,\"bwd_mask\":0,\"enum_type\":\"com.graphhopper.routing.ev.RoadClass\"}","{\"className\":\"com.graphhopper.routing.ev.EnumEncodedValue\",\"name\":\"road_environment\",\"bits\":3,\"min_storable_value\":0,\"max_storable_value\":7,\"max_value\":5,\"negate_reverse_direction\":false,\"store_two_directions\":false,\"fwd_data_index\":0,\"bwd_data_index\":0,\"fwd_shift\":21,\"bwd_shift\":-1,\"fwd_mask\":14680064,\"bwd_mask\":0,\"enum_type\":\"com.graphhopper.routing.ev.RoadEnvironment\"}","{\"className\":\"com.graphhopper.routing.ev.SimpleBooleanEncodedValue\",\"name\":\"roundabout\",\"bits\":1,\"min_storable_value\":0,\"max_storable_value\":1,\"max_value\":1,\"negate_reverse_direction\":false,\"store_two_directions\":false,\"fwd_data_index\":0,\"bwd_data_index\":0,\"fwd_shift\":24,\"bwd_shift\":-1,\"fwd_mask\":16777216,\"bwd_mask\":0}","{\"className\":\"com.graphhopper.routing.ev.SimpleBooleanEncodedValue\",\"name\":\"road_class_link\",\"bits\":1,\"min_storable_value\":0,\"max_storable_value\":1,\"max_value\":1,\"negate_reverse_direction\":false,\"store_two_directions\":false,\"fwd_data_index\":0,\"bwd_data_index\":0,\"fwd_shift\":25,\"bwd_shift\":-1,\"fwd_mask\":33554432,\"bwd_mask\":0}","{\"className\":\"com.graphhopper.routing.ev.DecimalEncodedValueImpl\",\"name\":\"max_speed\",\"bits\":7,\"min_storable_value\":0,\"max_storable_value\":127,\"max_value\":127,\"negate_reverse_direction\":false,\"store_two_directions\":true,\"fwd_data_index\":1,\"bwd_data_index\":1,\"fwd_shift\":0,\"bwd_shift\":7,\"fwd_mask\":127,\"bwd_mask\":16256,\"factor\":2.0,\"use_maximum_as_infinity\":true}","{\"className\":\"com.graphhopper.routing.ev.DecimalEncodedValueImpl\",\"name\":\"ferry_speed\",\"bits\":5,\"min_storable_value\":0,\"max_storable_value\":31,\"max_value\":5,\"negate_reverse_direction\":false,\"store_two_directions\":false,\"fwd_data_index\":1,\"bwd_data_index\":0,\"fwd_shift\":14,\"bwd_shift\":-1,\"fwd_mask\":507904,\"bwd_mask\":0,\"factor\":2.0,\"use_maximum_as_infinity\":false}","{\"className\":\"com.graphhopper.routing.ev.SimpleBooleanEncodedValue\",\"name\":\"car_subnetwork\",\"bits\":1,\"min_storable_value\":0,\"max_storable_value\":1,\"max_value\":1,\"negate_reverse_direction\":false,\"store_two_directions\":false,\"fwd_data_index\":1,\"bwd_data_index\":0,\"fwd_shift\":19,\"bwd_shift\":-1,\"fwd_mask\":524288,\"bwd_mask\":0}"], 2 ints for edge flags, edges: 306,940(12MB), nodes: 276,802(4MB), bounds: 13.069778,13.7624957,52.327972,52.6803845, name:(2MB), geo:355,704(2MB)
2025-04-10 09:45:04.731 [main] WARN  o.g.jersey.internal.inject.Providers - A provider com.codahale.metrics.health.HealthCheckRegistry registered in SERVER runtime does not implement any provider interfaces applicable in the SERVER runtime. Due to constraint configuration problems the provider com.codahale.metrics.health.HealthCheckRegistry will be ignored. 
2025-04-10 09:45:04.876 [main] INFO  i.d.jersey.DropwizardResourceConfig - The following paths were found for the configured resources:

    GET     / (com.graphhopper.application.resources.RootResource)
    GET     /health (com.graphhopper.resources.HealthCheckResource)
    GET     /i18n (com.graphhopper.resources.I18NResource)
    GET     /i18n/{locale} (com.graphhopper.resources.I18NResource)
    GET     /info (com.graphhopper.resources.InfoResource)
    GET     /isochrone (com.graphhopper.resources.IsochroneResource)
    POST    /match (com.graphhopper.resources.MapMatchingResource)
    GET     /mvt/{z}/{x}/{y}.mvt (com.graphhopper.resources.MVTResource)
    GET     /navigate/directions/v5/gh/{profile}/{coordinatesArray : .+} (com.graphhopper.navigation.NavigateResource)
    GET     /nearest (com.graphhopper.resources.NearestResource)
    GET     /route (com.graphhopper.resources.RouteResource)
    POST    /route (com.graphhopper.resources.RouteResource)
    GET     /spt (com.graphhopper.resources.SPTResource)

2025-04-10 09:45:04.877 [main] INFO  o.e.j.server.handler.ContextHandler - Started i.d.j.MutableServletContextHandler@11810917{/,null,AVAILABLE}
2025-04-10 09:45:04.882 [main] INFO  io.dropwizard.setup.AdminEnvironment - tasks = 

    POST    /tasks/log-level (io.dropwizard.servlets.tasks.LogConfigurationTask)
    POST    /tasks/gc (io.dropwizard.servlets.tasks.GarbageCollectionTask)

2025-04-10 09:45:04.882 [main] INFO  o.e.j.server.handler.ContextHandler - Started i.d.j.MutableServletContextHandler@5ca4dce5{/,null,AVAILABLE}
2025-04-10 09:45:04.892 [main] INFO  o.e.jetty.server.AbstractConnector - Started application@7cd4a4d7{HTTP/1.1, (http/1.1)}{localhost:8989}
2025-04-10 09:45:04.893 [main] INFO  o.e.jetty.server.AbstractConnector - Started admin@317e9c3c{HTTP/1.1, (http/1.1)}{localhost:8990}
2025-04-10 09:45:04.893 [main] INFO  org.eclipse.jetty.server.Server - Started @3301ms
2025-04-10 09:45:17.545 [JettyShutdownThread] INFO  o.e.jetty.server.AbstractConnector - Stopped application@7cd4a4d7{HTTP/1.1, (http/1.1)}{localhost:8989}
2025-04-10 09:45:17.546 [JettyShutdownThread] INFO  o.e.jetty.server.AbstractConnector - Stopped admin@317e9c3c{HTTP/1.1, (http/1.1)}{localhost:8990}
2025-04-10 09:45:17.547 [JettyShutdownThread] INFO  o.e.j.server.handler.ContextHandler - Stopped i.d.j.MutableServletContextHandler@5ca4dce5{/,null,STOPPED}
2025-04-10 09:45:17.553 [JettyShutdownThread] INFO  o.e.j.server.handler.ContextHandler - Stopped i.d.j.MutableServletContextHandler@11810917{/,null,STOPPED}
